Determining if the pthread_create exist failed with the following output:
Change Dir: /home/meditab/catkin_ws/src/ros_openvslam/openvslam/CMakeFiles/CMakeTmp

Run Build Command:"/usr/bin/make" "cmTC_e747b/fast"
/usr/bin/make -f CMakeFiles/cmTC_e747b.dir/build.make CMakeFiles/cmTC_e747b.dir/build
make[1]: Entering directory '/home/meditab/catkin_ws/src/ros_openvslam/openvslam/CMakeFiles/CMakeTmp'
Building C object CMakeFiles/cmTC_e747b.dir/CheckSymbolExists.c.o
/usr/bin/cc    -Wall -Wextra -mtune=native    -o CMakeFiles/cmTC_e747b.dir/CheckSymbolExists.c.o   -c /home/meditab/catkin_ws/src/ros_openvslam/openvslam/CMakeFiles/CMakeTmp/CheckSymbolExists.c
Linking C executable cmTC_e747b
/usr/bin/cmake -E cmake_link_script CMakeFiles/cmTC_e747b.dir/link.txt --verbose=1
/usr/bin/cc   -Wall -Wextra -mtune=native     CMakeFiles/cmTC_e747b.dir/CheckSymbolExists.c.o  -o cmTC_e747b -rdynamic 
CMakeFiles/cmTC_e747b.dir/CheckSymbolExists.c.o: In function `main':
CheckSymbolExists.c:(.text+0x16): undefined reference to `pthread_create'
collect2: error: ld returned 1 exit status
CMakeFiles/cmTC_e747b.dir/build.make:97: recipe for target 'cmTC_e747b' failed
make[1]: *** [cmTC_e747b] Error 1
make[1]: Leaving directory '/home/meditab/catkin_ws/src/ros_openvslam/openvslam/CMakeFiles/CMakeTmp'
Makefile:126: recipe for target 'cmTC_e747b/fast' failed
make: *** [cmTC_e747b/fast] Error 2

File /home/meditab/catkin_ws/src/ros_openvslam/openvslam/CMakeFiles/CMakeTmp/CheckSymbolExists.c:
/* */
#include <pthread.h>

int main(int argc, char** argv)
{
  (void)argv;
#ifndef pthread_create
  return ((int*)(&pthread_create))[argc];
#else
  (void)argc;
  return 0;
#endif
}

Determining if the function pthread_create exists in the pthreads failed with the following output:
Change Dir: /home/meditab/catkin_ws/src/ros_openvslam/openvslam/CMakeFiles/CMakeTmp

Run Build Command:"/usr/bin/make" "cmTC_6672d/fast"
/usr/bin/make -f CMakeFiles/cmTC_6672d.dir/build.make CMakeFiles/cmTC_6672d.dir/build
make[1]: Entering directory '/home/meditab/catkin_ws/src/ros_openvslam/openvslam/CMakeFiles/CMakeTmp'
Building C object CMakeFiles/cmTC_6672d.dir/CheckFunctionExists.c.o
/usr/bin/cc    -Wall -Wextra -mtune=native -DCHECK_FUNCTION_EXISTS=pthread_create   -o CMakeFiles/cmTC_6672d.dir/CheckFunctionExists.c.o   -c /usr/share/cmake-3.5/Modules/CheckFunctionExists.c
Linking C executable cmTC_6672d
/usr/bin/cmake -E cmake_link_script CMakeFiles/cmTC_6672d.dir/link.txt --verbose=1
/usr/bin/cc   -Wall -Wextra -mtune=native -DCHECK_FUNCTION_EXISTS=pthread_create    CMakeFiles/cmTC_6672d.dir/CheckFunctionExists.c.o  -o cmTC_6672d -rdynamic -lpthreads 
/usr/bin/ld: cannot find -lpthreads
collect2: error: ld returned 1 exit status
CMakeFiles/cmTC_6672d.dir/build.make:97: recipe for target 'cmTC_6672d' failed
make[1]: *** [cmTC_6672d] Error 1
make[1]: Leaving directory '/home/meditab/catkin_ws/src/ros_openvslam/openvslam/CMakeFiles/CMakeTmp'
Makefile:126: recipe for target 'cmTC_6672d/fast' failed
make: *** [cmTC_6672d/fast] Error 2


